{"uid":"84133973fd82c7c5","name":"DELETE - delete book test","fullName":"BooksTests.deleteBookTest","historyId":"59478e203f24bdfc698f6630227fdbfa","time":{"start":1751188753497,"stop":1751188755159,"duration":1662},"description":"","status":"failed","statusMessage":"\nExpecting\n  [1,\n    2,\n    3,\n    4,\n    5,\n    6,\n    7,\n    8,\n    9,\n    10,\n    11,\n    12,\n    13,\n    14,\n    15,\n    16,\n    17,\n    18,\n    19,\n    20,\n    21,\n    22,\n    23,\n    24,\n    25,\n    26,\n    27,\n    28,\n    29,\n    30,\n    31,\n    32,\n    33,\n    34,\n    35,\n    36,\n    37,\n    38,\n    39,\n    40,\n    41,\n    42,\n    43,\n    44,\n    45,\n    46,\n    47,\n    48,\n    49,\n    50,\n    51,\n    52,\n    53,\n    54,\n    55,\n    56,\n    57,\n    58,\n    59,\n    60,\n    61,\n    62,\n    63,\n    64,\n    65,\n    66,\n    67,\n    68,\n    69,\n    70,\n    71,\n    72,\n    73,\n    74,\n    75,\n    76,\n    77,\n    78,\n    79,\n    80,\n    81,\n    82,\n    83,\n    84,\n    85,\n    86,\n    87,\n    88,\n    89,\n    90,\n    91,\n    92,\n    93,\n    94,\n    95,\n    96,\n    97,\n    98,\n    99,\n    100,\n    101,\n    102,\n    103,\n    104,\n    105,\n    106,\n    107,\n    108,\n    109,\n    110,\n    111,\n    112,\n    113,\n    114,\n    115,\n    116,\n    117,\n    118,\n    119,\n    120,\n    121,\n    122,\n    123,\n    124,\n    125,\n    126,\n    127,\n    128,\n    129,\n    130,\n    131,\n    132,\n    133,\n    134,\n    135,\n    136,\n    137,\n    138,\n    139,\n    140,\n    141,\n    142,\n    143,\n    144,\n    145,\n    146,\n    147,\n    148,\n    149,\n    150,\n    151,\n    152,\n    153,\n    154,\n    155,\n    156,\n    157,\n    158,\n    159,\n    160,\n    161,\n    162,\n    163,\n    164,\n    165,\n    166,\n    167,\n    168,\n    169,\n    170,\n    171,\n    172,\n    173,\n    174,\n    175,\n    176,\n    177,\n    178,\n    179,\n    180,\n    181,\n    182,\n    183,\n    184,\n    185,\n    186,\n    187,\n    188,\n    189,\n    190,\n    191,\n    192,\n    193,\n    194,\n    195,\n    196,\n    197,\n    198,\n    199,\n    200]\nnot to contain\n  [83]\nbut found\n  [83]\n","statusTrace":"java.lang.AssertionError: \nExpecting\n  [1,\n    2,\n    3,\n    4,\n    5,\n    6,\n    7,\n    8,\n    9,\n    10,\n    11,\n    12,\n    13,\n    14,\n    15,\n    16,\n    17,\n    18,\n    19,\n    20,\n    21,\n    22,\n    23,\n    24,\n    25,\n    26,\n    27,\n    28,\n    29,\n    30,\n    31,\n    32,\n    33,\n    34,\n    35,\n    36,\n    37,\n    38,\n    39,\n    40,\n    41,\n    42,\n    43,\n    44,\n    45,\n    46,\n    47,\n    48,\n    49,\n    50,\n    51,\n    52,\n    53,\n    54,\n    55,\n    56,\n    57,\n    58,\n    59,\n    60,\n    61,\n    62,\n    63,\n    64,\n    65,\n    66,\n    67,\n    68,\n    69,\n    70,\n    71,\n    72,\n    73,\n    74,\n    75,\n    76,\n    77,\n    78,\n    79,\n    80,\n    81,\n    82,\n    83,\n    84,\n    85,\n    86,\n    87,\n    88,\n    89,\n    90,\n    91,\n    92,\n    93,\n    94,\n    95,\n    96,\n    97,\n    98,\n    99,\n    100,\n    101,\n    102,\n    103,\n    104,\n    105,\n    106,\n    107,\n    108,\n    109,\n    110,\n    111,\n    112,\n    113,\n    114,\n    115,\n    116,\n    117,\n    118,\n    119,\n    120,\n    121,\n    122,\n    123,\n    124,\n    125,\n    126,\n    127,\n    128,\n    129,\n    130,\n    131,\n    132,\n    133,\n    134,\n    135,\n    136,\n    137,\n    138,\n    139,\n    140,\n    141,\n    142,\n    143,\n    144,\n    145,\n    146,\n    147,\n    148,\n    149,\n    150,\n    151,\n    152,\n    153,\n    154,\n    155,\n    156,\n    157,\n    158,\n    159,\n    160,\n    161,\n    162,\n    163,\n    164,\n    165,\n    166,\n    167,\n    168,\n    169,\n    170,\n    171,\n    172,\n    173,\n    174,\n    175,\n    176,\n    177,\n    178,\n    179,\n    180,\n    181,\n    182,\n    183,\n    184,\n    185,\n    186,\n    187,\n    188,\n    189,\n    190,\n    191,\n    192,\n    193,\n    194,\n    195,\n    196,\n    197,\n    198,\n    199,\n    200]\nnot to contain\n  [83]\nbut found\n  [83]\n\n\tat BooksTests.deleteBookTest(BooksTests.java:138)\n\tat java.base/jdk.internal.reflect.NativeMethodAccessorImpl.invoke0(Native Method)\n\tat java.base/jdk.internal.reflect.NativeMethodAccessorImpl.invoke(NativeMethodAccessorImpl.java:77)\n\tat java.base/jdk.internal.reflect.DelegatingMethodAccessorImpl.invoke(DelegatingMethodAccessorImpl.java:43)\n\tat java.base/java.lang.reflect.Method.invoke(Method.java:569)\n\tat org.junit.platform.commons.util.ReflectionUtils.invokeMethod(ReflectionUtils.java:727)\n\tat org.junit.jupiter.engine.execution.MethodInvocation.proceed(MethodInvocation.java:60)\n\tat org.junit.jupiter.engine.execution.InvocationInterceptorChain$ValidatingInvocation.proceed(InvocationInterceptorChain.java:131)\n\tat org.junit.jupiter.engine.extension.TimeoutExtension.intercept(TimeoutExtension.java:156)\n\tat org.junit.jupiter.engine.extension.TimeoutExtension.interceptTestableMethod(TimeoutExtension.java:147)\n\tat org.junit.jupiter.engine.extension.TimeoutExtension.interceptTestMethod(TimeoutExtension.java:86)\n\tat org.junit.jupiter.engine.execution.InterceptingExecutableInvoker$ReflectiveInterceptorCall.lambda$ofVoidMethod$0(InterceptingExecutableInvoker.java:103)\n\tat org.junit.jupiter.engine.execution.InterceptingExecutableInvoker.lambda$invoke$0(InterceptingExecutableInvoker.java:93)\n\tat org.junit.jupiter.engine.execution.InvocationInterceptorChain$InterceptedInvocation.proceed(InvocationInterceptorChain.java:106)\n\tat org.junit.jupiter.engine.execution.InvocationInterceptorChain.proceed(InvocationInterceptorChain.java:64)\n\tat org.junit.jupiter.engine.execution.InvocationInterceptorChain.chainAndInvoke(InvocationInterceptorChain.java:45)\n\tat org.junit.jupiter.engine.execution.InvocationInterceptorChain.invoke(InvocationInterceptorChain.java:37)\n\tat org.junit.jupiter.engine.execution.InterceptingExecutableInvoker.invoke(InterceptingExecutableInvoker.java:92)\n\tat org.junit.jupiter.engine.execution.InterceptingExecutableInvoker.invoke(InterceptingExecutableInvoker.java:86)\n\tat org.junit.jupiter.engine.descriptor.TestMethodTestDescriptor.lambda$invokeTestMethod$7(TestMethodTestDescriptor.java:217)\n\tat org.junit.platform.engine.support.hierarchical.ThrowableCollector.execute(ThrowableCollector.java:73)\n\tat org.junit.jupiter.engine.descriptor.TestMethodTestDescriptor.invokeTestMethod(TestMethodTestDescriptor.java:213)\n\tat org.junit.jupiter.engine.descriptor.TestMethodTestDescriptor.execute(TestMethodTestDescriptor.java:138)\n\tat org.junit.jupiter.engine.descriptor.TestMethodTestDescriptor.execute(TestMethodTestDescriptor.java:68)\n\tat org.junit.platform.engine.support.hierarchical.NodeTestTask.lambda$executeRecursively$6(NodeTestTask.java:151)\n\tat org.junit.platform.engine.support.hierarchical.ThrowableCollector.execute(ThrowableCollector.java:73)\n\tat org.junit.platform.engine.support.hierarchical.NodeTestTask.lambda$executeRecursively$8(NodeTestTask.java:141)\n\tat org.junit.platform.engine.support.hierarchical.Node.around(Node.java:137)\n\tat org.junit.platform.engine.support.hierarchical.NodeTestTask.lambda$executeRecursively$9(NodeTestTask.java:139)\n\tat org.junit.platform.engine.support.hierarchical.ThrowableCollector.execute(ThrowableCollector.java:73)\n\tat org.junit.platform.engine.support.hierarchical.NodeTestTask.executeRecursively(NodeTestTask.java:138)\n\tat org.junit.platform.engine.support.hierarchical.NodeTestTask.execute(NodeTestTask.java:95)\n\tat org.junit.platform.engine.support.hierarchical.ForkJoinPoolHierarchicalTestExecutorService$ExclusiveTask.compute(ForkJoinPoolHierarchicalTestExecutorService.java:185)\n\tat java.base/java.util.concurrent.RecursiveAction.exec(RecursiveAction.java:194)\n\tat java.base/java.util.concurrent.ForkJoinTask.doExec(ForkJoinTask.java:373)\n\tat java.base/java.util.concurrent.ForkJoinTask.awaitDone(ForkJoinTask.java:436)\n\tat java.base/java.util.concurrent.ForkJoinTask.join(ForkJoinTask.java:670)\n\tat org.junit.platform.engine.support.hierarchical.ForkJoinPoolHierarchicalTestExecutorService.joinConcurrentTasksInReverseOrderToEnableWorkStealing(ForkJoinPoolHierarchicalTestExecutorService.java:162)\n\tat org.junit.platform.engine.support.hierarchical.ForkJoinPoolHierarchicalTestExecutorService.invokeAll(ForkJoinPoolHierarchicalTestExecutorService.java:136)\n\tat org.junit.platform.engine.support.hierarchical.NodeTestTask.lambda$executeRecursively$6(NodeTestTask.java:155)\n\tat org.junit.platform.engine.support.hierarchical.ThrowableCollector.execute(ThrowableCollector.java:73)\n\tat org.junit.platform.engine.support.hierarchical.NodeTestTask.lambda$executeRecursively$8(NodeTestTask.java:141)\n\tat org.junit.platform.engine.support.hierarchical.Node.around(Node.java:137)\n\tat org.junit.platform.engine.support.hierarchical.NodeTestTask.lambda$executeRecursively$9(NodeTestTask.java:139)\n\tat org.junit.platform.engine.support.hierarchical.ThrowableCollector.execute(ThrowableCollector.java:73)\n\tat org.junit.platform.engine.support.hierarchical.NodeTestTask.executeRecursively(NodeTestTask.java:138)\n\tat org.junit.platform.engine.support.hierarchical.NodeTestTask.execute(NodeTestTask.java:95)\n\tat org.junit.platform.engine.support.hierarchical.ForkJoinPoolHierarchicalTestExecutorService$ExclusiveTask.compute(ForkJoinPoolHierarchicalTestExecutorService.java:185)\n\tat java.base/java.util.concurrent.RecursiveAction.exec(RecursiveAction.java:194)\n\tat java.base/java.util.concurrent.ForkJoinTask.doExec(ForkJoinTask.java:373)\n\tat java.base/java.util.concurrent.ForkJoinPool$WorkQueue.topLevelExec(ForkJoinPool.java:1182)\n\tat java.base/java.util.concurrent.ForkJoinPool.scan(ForkJoinPool.java:1655)\n\tat java.base/java.util.concurrent.ForkJoinPool.runWorker(ForkJoinPool.java:1622)\n\tat java.base/java.util.concurrent.ForkJoinWorkerThread.run(ForkJoinWorkerThread.java:165)\n","flaky":false,"newFailed":false,"newBroken":false,"newPassed":false,"retriesCount":0,"retriesStatusChange":false,"beforeStages":[],"testStage":{"description":"","status":"failed","statusMessage":"\nExpecting\n  [1,\n    2,\n    3,\n    4,\n    5,\n    6,\n    7,\n    8,\n    9,\n    10,\n    11,\n    12,\n    13,\n    14,\n    15,\n    16,\n    17,\n    18,\n    19,\n    20,\n    21,\n    22,\n    23,\n    24,\n    25,\n    26,\n    27,\n    28,\n    29,\n    30,\n    31,\n    32,\n    33,\n    34,\n    35,\n    36,\n    37,\n    38,\n    39,\n    40,\n    41,\n    42,\n    43,\n    44,\n    45,\n    46,\n    47,\n    48,\n    49,\n    50,\n    51,\n    52,\n    53,\n    54,\n    55,\n    56,\n    57,\n    58,\n    59,\n    60,\n    61,\n    62,\n    63,\n    64,\n    65,\n    66,\n    67,\n    68,\n    69,\n    70,\n    71,\n    72,\n    73,\n    74,\n    75,\n    76,\n    77,\n    78,\n    79,\n    80,\n    81,\n    82,\n    83,\n    84,\n    85,\n    86,\n    87,\n    88,\n    89,\n    90,\n    91,\n    92,\n    93,\n    94,\n    95,\n    96,\n    97,\n    98,\n    99,\n    100,\n    101,\n    102,\n    103,\n    104,\n    105,\n    106,\n    107,\n    108,\n    109,\n    110,\n    111,\n    112,\n    113,\n    114,\n    115,\n    116,\n    117,\n    118,\n    119,\n    120,\n    121,\n    122,\n    123,\n    124,\n    125,\n    126,\n    127,\n    128,\n    129,\n    130,\n    131,\n    132,\n    133,\n    134,\n    135,\n    136,\n    137,\n    138,\n    139,\n    140,\n    141,\n    142,\n    143,\n    144,\n    145,\n    146,\n    147,\n    148,\n    149,\n    150,\n    151,\n    152,\n    153,\n    154,\n    155,\n    156,\n    157,\n    158,\n    159,\n    160,\n    161,\n    162,\n    163,\n    164,\n    165,\n    166,\n    167,\n    168,\n    169,\n    170,\n    171,\n    172,\n    173,\n    174,\n    175,\n    176,\n    177,\n    178,\n    179,\n    180,\n    181,\n    182,\n    183,\n    184,\n    185,\n    186,\n    187,\n    188,\n    189,\n    190,\n    191,\n    192,\n    193,\n    194,\n    195,\n    196,\n    197,\n    198,\n    199,\n    200]\nnot to contain\n  [83]\nbut found\n  [83]\n","statusTrace":"java.lang.AssertionError: \nExpecting\n  [1,\n    2,\n    3,\n    4,\n    5,\n    6,\n    7,\n    8,\n    9,\n    10,\n    11,\n    12,\n    13,\n    14,\n    15,\n    16,\n    17,\n    18,\n    19,\n    20,\n    21,\n    22,\n    23,\n    24,\n    25,\n    26,\n    27,\n    28,\n    29,\n    30,\n    31,\n    32,\n    33,\n    34,\n    35,\n    36,\n    37,\n    38,\n    39,\n    40,\n    41,\n    42,\n    43,\n    44,\n    45,\n    46,\n    47,\n    48,\n    49,\n    50,\n    51,\n    52,\n    53,\n    54,\n    55,\n    56,\n    57,\n    58,\n    59,\n    60,\n    61,\n    62,\n    63,\n    64,\n    65,\n    66,\n    67,\n    68,\n    69,\n    70,\n    71,\n    72,\n    73,\n    74,\n    75,\n    76,\n    77,\n    78,\n    79,\n    80,\n    81,\n    82,\n    83,\n    84,\n    85,\n    86,\n    87,\n    88,\n    89,\n    90,\n    91,\n    92,\n    93,\n    94,\n    95,\n    96,\n    97,\n    98,\n    99,\n    100,\n    101,\n    102,\n    103,\n    104,\n    105,\n    106,\n    107,\n    108,\n    109,\n    110,\n    111,\n    112,\n    113,\n    114,\n    115,\n    116,\n    117,\n    118,\n    119,\n    120,\n    121,\n    122,\n    123,\n    124,\n    125,\n    126,\n    127,\n    128,\n    129,\n    130,\n    131,\n    132,\n    133,\n    134,\n    135,\n    136,\n    137,\n    138,\n    139,\n    140,\n    141,\n    142,\n    143,\n    144,\n    145,\n    146,\n    147,\n    148,\n    149,\n    150,\n    151,\n    152,\n    153,\n    154,\n    155,\n    156,\n    157,\n    158,\n    159,\n    160,\n    161,\n    162,\n    163,\n    164,\n    165,\n    166,\n    167,\n    168,\n    169,\n    170,\n    171,\n    172,\n    173,\n    174,\n    175,\n    176,\n    177,\n    178,\n    179,\n    180,\n    181,\n    182,\n    183,\n    184,\n    185,\n    186,\n    187,\n    188,\n    189,\n    190,\n    191,\n    192,\n    193,\n    194,\n    195,\n    196,\n    197,\n    198,\n    199,\n    200]\nnot to contain\n  [83]\nbut found\n  [83]\n\n\tat BooksTests.deleteBookTest(BooksTests.java:138)\n\tat java.base/jdk.internal.reflect.NativeMethodAccessorImpl.invoke0(Native Method)\n\tat java.base/jdk.internal.reflect.NativeMethodAccessorImpl.invoke(NativeMethodAccessorImpl.java:77)\n\tat java.base/jdk.internal.reflect.DelegatingMethodAccessorImpl.invoke(DelegatingMethodAccessorImpl.java:43)\n\tat java.base/java.lang.reflect.Method.invoke(Method.java:569)\n\tat org.junit.platform.commons.util.ReflectionUtils.invokeMethod(ReflectionUtils.java:727)\n\tat org.junit.jupiter.engine.execution.MethodInvocation.proceed(MethodInvocation.java:60)\n\tat org.junit.jupiter.engine.execution.InvocationInterceptorChain$ValidatingInvocation.proceed(InvocationInterceptorChain.java:131)\n\tat org.junit.jupiter.engine.extension.TimeoutExtension.intercept(TimeoutExtension.java:156)\n\tat org.junit.jupiter.engine.extension.TimeoutExtension.interceptTestableMethod(TimeoutExtension.java:147)\n\tat org.junit.jupiter.engine.extension.TimeoutExtension.interceptTestMethod(TimeoutExtension.java:86)\n\tat org.junit.jupiter.engine.execution.InterceptingExecutableInvoker$ReflectiveInterceptorCall.lambda$ofVoidMethod$0(InterceptingExecutableInvoker.java:103)\n\tat org.junit.jupiter.engine.execution.InterceptingExecutableInvoker.lambda$invoke$0(InterceptingExecutableInvoker.java:93)\n\tat org.junit.jupiter.engine.execution.InvocationInterceptorChain$InterceptedInvocation.proceed(InvocationInterceptorChain.java:106)\n\tat org.junit.jupiter.engine.execution.InvocationInterceptorChain.proceed(InvocationInterceptorChain.java:64)\n\tat org.junit.jupiter.engine.execution.InvocationInterceptorChain.chainAndInvoke(InvocationInterceptorChain.java:45)\n\tat org.junit.jupiter.engine.execution.InvocationInterceptorChain.invoke(InvocationInterceptorChain.java:37)\n\tat org.junit.jupiter.engine.execution.InterceptingExecutableInvoker.invoke(InterceptingExecutableInvoker.java:92)\n\tat org.junit.jupiter.engine.execution.InterceptingExecutableInvoker.invoke(InterceptingExecutableInvoker.java:86)\n\tat org.junit.jupiter.engine.descriptor.TestMethodTestDescriptor.lambda$invokeTestMethod$7(TestMethodTestDescriptor.java:217)\n\tat org.junit.platform.engine.support.hierarchical.ThrowableCollector.execute(ThrowableCollector.java:73)\n\tat org.junit.jupiter.engine.descriptor.TestMethodTestDescriptor.invokeTestMethod(TestMethodTestDescriptor.java:213)\n\tat org.junit.jupiter.engine.descriptor.TestMethodTestDescriptor.execute(TestMethodTestDescriptor.java:138)\n\tat org.junit.jupiter.engine.descriptor.TestMethodTestDescriptor.execute(TestMethodTestDescriptor.java:68)\n\tat org.junit.platform.engine.support.hierarchical.NodeTestTask.lambda$executeRecursively$6(NodeTestTask.java:151)\n\tat org.junit.platform.engine.support.hierarchical.ThrowableCollector.execute(ThrowableCollector.java:73)\n\tat org.junit.platform.engine.support.hierarchical.NodeTestTask.lambda$executeRecursively$8(NodeTestTask.java:141)\n\tat org.junit.platform.engine.support.hierarchical.Node.around(Node.java:137)\n\tat org.junit.platform.engine.support.hierarchical.NodeTestTask.lambda$executeRecursively$9(NodeTestTask.java:139)\n\tat org.junit.platform.engine.support.hierarchical.ThrowableCollector.execute(ThrowableCollector.java:73)\n\tat org.junit.platform.engine.support.hierarchical.NodeTestTask.executeRecursively(NodeTestTask.java:138)\n\tat org.junit.platform.engine.support.hierarchical.NodeTestTask.execute(NodeTestTask.java:95)\n\tat org.junit.platform.engine.support.hierarchical.ForkJoinPoolHierarchicalTestExecutorService$ExclusiveTask.compute(ForkJoinPoolHierarchicalTestExecutorService.java:185)\n\tat java.base/java.util.concurrent.RecursiveAction.exec(RecursiveAction.java:194)\n\tat java.base/java.util.concurrent.ForkJoinTask.doExec(ForkJoinTask.java:373)\n\tat java.base/java.util.concurrent.ForkJoinTask.awaitDone(ForkJoinTask.java:436)\n\tat java.base/java.util.concurrent.ForkJoinTask.join(ForkJoinTask.java:670)\n\tat org.junit.platform.engine.support.hierarchical.ForkJoinPoolHierarchicalTestExecutorService.joinConcurrentTasksInReverseOrderToEnableWorkStealing(ForkJoinPoolHierarchicalTestExecutorService.java:162)\n\tat org.junit.platform.engine.support.hierarchical.ForkJoinPoolHierarchicalTestExecutorService.invokeAll(ForkJoinPoolHierarchicalTestExecutorService.java:136)\n\tat org.junit.platform.engine.support.hierarchical.NodeTestTask.lambda$executeRecursively$6(NodeTestTask.java:155)\n\tat org.junit.platform.engine.support.hierarchical.ThrowableCollector.execute(ThrowableCollector.java:73)\n\tat org.junit.platform.engine.support.hierarchical.NodeTestTask.lambda$executeRecursively$8(NodeTestTask.java:141)\n\tat org.junit.platform.engine.support.hierarchical.Node.around(Node.java:137)\n\tat org.junit.platform.engine.support.hierarchical.NodeTestTask.lambda$executeRecursively$9(NodeTestTask.java:139)\n\tat org.junit.platform.engine.support.hierarchical.ThrowableCollector.execute(ThrowableCollector.java:73)\n\tat org.junit.platform.engine.support.hierarchical.NodeTestTask.executeRecursively(NodeTestTask.java:138)\n\tat org.junit.platform.engine.support.hierarchical.NodeTestTask.execute(NodeTestTask.java:95)\n\tat org.junit.platform.engine.support.hierarchical.ForkJoinPoolHierarchicalTestExecutorService$ExclusiveTask.compute(ForkJoinPoolHierarchicalTestExecutorService.java:185)\n\tat java.base/java.util.concurrent.RecursiveAction.exec(RecursiveAction.java:194)\n\tat java.base/java.util.concurrent.ForkJoinTask.doExec(ForkJoinTask.java:373)\n\tat java.base/java.util.concurrent.ForkJoinPool$WorkQueue.topLevelExec(ForkJoinPool.java:1182)\n\tat java.base/java.util.concurrent.ForkJoinPool.scan(ForkJoinPool.java:1655)\n\tat java.base/java.util.concurrent.ForkJoinPool.runWorker(ForkJoinPool.java:1622)\n\tat java.base/java.util.concurrent.ForkJoinWorkerThread.run(ForkJoinWorkerThread.java:165)\n","steps":[{"name":"GET request to /api/v1/Books","time":{"start":1751188753497,"stop":1751188754147,"duration":650},"status":"passed","steps":[],"attachments":[],"parameters":[],"shouldDisplayMessage":false,"stepsCount":0,"attachmentsCount":0,"hasContent":false,"attachmentStep":false},{"name":"DELETE request to /api/v1/Books/{id} by id: 83","time":{"start":1751188754147,"stop":1751188754504,"duration":357},"status":"passed","steps":[],"attachments":[],"parameters":[],"shouldDisplayMessage":false,"stepsCount":0,"attachmentsCount":0,"hasContent":false,"attachmentStep":false},{"name":"GET request to /api/v1/Books","time":{"start":1751188754504,"stop":1751188755158,"duration":654},"status":"passed","steps":[],"attachments":[],"parameters":[],"shouldDisplayMessage":false,"stepsCount":0,"attachmentsCount":0,"hasContent":false,"attachmentStep":false}],"attachments":[],"parameters":[],"shouldDisplayMessage":true,"stepsCount":3,"attachmentsCount":0,"hasContent":true,"attachmentStep":false},"afterStages":[],"labels":[{"name":"junit.platform.uniqueid","value":"[engine:junit-jupiter]/[class:BooksTests]/[method:deleteBookTest()]"},{"name":"host","value":"pkrvmbietmlfzoi"},{"name":"thread","value":"2166@pkrvmbietmlfzoi.ForkJoinPool-1-worker-2(18)"},{"name":"framework","value":"junit-platform"},{"name":"language","value":"java"},{"name":"package","value":"BooksTests"},{"name":"testClass","value":"BooksTests"},{"name":"testMethod","value":"deleteBookTest"},{"name":"suite","value":"BooksTests"},{"name":"resultFormat","value":"allure2"}],"parameters":[],"links":[],"hidden":false,"retry":false,"extra":{"severity":"normal","retries":[],"categories":[{"name":"Product defects","matchedStatuses":[],"flaky":false}],"tags":[]},"source":"84133973fd82c7c5.json","parameterValues":[]}